<?xml version="1.0" encoding="UTF-8"?>
<!-- Generated by org.testng.reporters.JUnitReportReporter -->
<testsuite hostname="LAPTOP-7FV7Q3B3" failures="0" tests="1" name="testCases.TC_002_LoginTest" time="11.678" errors="0" timestamp="2024-04-03T10:04:53 IST" skipped="0">
  <testcase classname="testCases.TC_002_LoginTest" name="verify_login" time="11.678"/>
</testsuite> <!-- testCases.TC_002_LoginTest -->
